Build started 9/26/2025 1:58:10 PM.
     1>Project "C:\Users\ADMIN\Downloads\VS 2012\VS 2012\QuanUET\GameQuan\GameQuan.vcxproj" on node 2 (Rebuild target(s)).
     1>ClCompile:
         C:\Program Files (x86)\Microsoft Visual Studio 11.0\VC\bin\CL.exe /c /ZI /nologo /W3 /WX- /sdl /Od /Oy- /D WIN32 /D _DEBUG /D _CONSOLE /D _UNICODE /D UNICODE /Gm /EHsc /RTC1 /MDd /GS /fp:precise /Zc:wchar_t /Zc:forScope /GR /Yc"stdafx.h" /Fp"Debug\QuanUET.pch" /Fo"Debug\\" /Fd"Debug\vc110.pdb" /Gd /TP /analyze- /errorReport:prompt stdafx.cpp
         stdafx.cpp
         C:\Program Files (x86)\Microsoft Visual Studio 11.0\VC\bin\CL.exe /c /ZI /nologo /W3 /WX- /sdl /Od /Oy- /D WIN32 /D _DEBUG /D _CONSOLE /D _UNICODE /D UNICODE /Gm /EHsc /RTC1 /MDd /GS /fp:precise /Zc:wchar_t /Zc:forScope /GR /Yu"stdafx.h" /Fp"Debug\QuanUET.pch" /Fo"Debug\\" /Fd"Debug\vc110.pdb" /Gd /TP /analyze- /errorReport:prompt AssetManager.cpp main.cpp Window.cpp
         Window.cpp
     1>c:\users\admin\downloads\vs 2012\vs 2012\quanuet\gamequan\window.cpp(1): warning C4627: '#include "Window.h"': skipped when looking for precompiled header use
                 Add directive to 'stdafx.h' or rebuild precompiled header
     1>c:\users\admin\downloads\vs 2012\vs 2012\quanuet\gamequan\window.cpp(4): error C2653: 'Window' : is not a class or namespace name
     1>c:\users\admin\downloads\vs 2012\vs 2012\quanuet\gamequan\window.cpp(4): error C4430: missing type specifier - int assumed. Note: C++ does not support default-int
     1>c:\users\admin\downloads\vs 2012\vs 2012\quanuet\gamequan\window.cpp(5): error C2355: 'this' : can only be referenced inside non-static member functions
     1>c:\users\admin\downloads\vs 2012\vs 2012\quanuet\gamequan\window.cpp(5): error C2227: left of '->window' must point to class/struct/union/generic type
     1>c:\users\admin\downloads\vs 2012\vs 2012\quanuet\gamequan\window.cpp(6): error C2355: 'this' : can only be referenced inside non-static member functions
     1>c:\users\admin\downloads\vs 2012\vs 2012\quanuet\gamequan\window.cpp(6): error C2227: left of '->renderer' must point to class/struct/union/generic type
     1>c:\users\admin\downloads\vs 2012\vs 2012\quanuet\gamequan\window.cpp(7): warning C4508: 'Window' : function should return a value; 'void' return type assumed
     1>c:\users\admin\downloads\vs 2012\vs 2012\quanuet\gamequan\window.cpp(9): error C2653: 'Window' : is not a class or namespace name
     1>c:\users\admin\downloads\vs 2012\vs 2012\quanuet\gamequan\window.cpp(9): fatal error C1903: unable to recover from previous error(s); stopping compilation
         main.cpp
         AssetManager.cpp
     1>c:\users\admin\downloads\vs 2012\vs 2012\quanuet\gamequan\assetmanager.cpp(1): warning C4627: '#include "AssetManager.h"': skipped when looking for precompiled header use
                 Add directive to 'stdafx.h' or rebuild precompiled header
     1>c:\users\admin\downloads\vs 2012\vs 2012\quanuet\gamequan\assetmanager.cpp(2): warning C4627: '#include "Settings.h"': skipped when looking for precompiled header use
                 Add directive to 'stdafx.h' or rebuild precompiled header
     1>c:\users\admin\downloads\vs 2012\vs 2012\quanuet\gamequan\assetmanager.cpp(3): warning C4627: '#include "Window.h"': skipped when looking for precompiled header use
                 Add directive to 'stdafx.h' or rebuild precompiled header
     1>c:\users\admin\downloads\vs 2012\vs 2012\quanuet\gamequan\assetmanager.cpp(6): error C2143: syntax error : missing ';' before '*'
     1>c:\users\admin\downloads\vs 2012\vs 2012\quanuet\gamequan\assetmanager.cpp(6): error C4430: missing type specifier - int assumed. Note: C++ does not support default-int
     1>c:\users\admin\downloads\vs 2012\vs 2012\quanuet\gamequan\assetmanager.cpp(8): error C2653: 'AssetManager' : is not a class or namespace name
     1>c:\users\admin\downloads\vs 2012\vs 2012\quanuet\gamequan\assetmanager.cpp(9): error C4430: missing type specifier - int assumed. Note: C++ does not support default-int
     1>c:\users\admin\downloads\vs 2012\vs 2012\quanuet\gamequan\assetmanager.cpp(11): warning C4508: 'AssetManager' : function should return a value; 'void' return type assumed
     1>c:\users\admin\downloads\vs 2012\vs 2012\quanuet\gamequan\assetmanager.cpp(13): error C2653: 'AssetManager' : is not a class or namespace name
     1>c:\users\admin\downloads\vs 2012\vs 2012\quanuet\gamequan\assetmanager.cpp(13): fatal error C1903: unable to recover from previous error(s); stopping compilation
         Generating Code...
     1>Done Building Project "C:\Users\ADMIN\Downloads\VS 2012\VS 2012\QuanUET\GameQuan\GameQuan.vcxproj" (Rebuild target(s)) -- FAILED.

Build FAILED.

Time Elapsed 00:00:00.97
